SYSTEM;30140520.DGN;966A
SYSTEM;8200490219.DGN;B880
SYSTEM;40150326.DGN;1B37
SYSTEM;30210332.DGN;75A1
SYSTEM;8200120222.DGN;0ED1
SYSTEM;8200210320.DGN;D9CF
SYSTEM;8200220124.DGN;D42C
SYSTEM;8200320628.DGN;702D
SYSTEM;8200361322.DGN;6C44
SYSTEM;8215800336.AGN;0000
SYSTEM;8200570147.DGN;9868
SYSTEM;8200910120.DGN;8114
SYSTEM;8440850243.LGN;2FBD
SYSTEM;8442270202.LGN;08B8
SYSTEM;8203120105.DGN;9C44
SYSTEM;8203700320.DGN;FB54
SYSTEM;8300630015.DGN;6975
SYSTEM;8300640322.DGN;710C
SYSTEM;37772612.PGN;0000
SYSTEM;47787203.PGN;0000
SYSTEM;8447787203.PGN;0000
SYSTEM;8442291039.PGN;1558
SYSTEM;8443730243.LGN;104A
SYSTEM;8445941043.LGN;2FD4
SYSTEM;8445960763.LGN;4CF9
SYSTEM;8445970843.LGN;EC60
SYSTEM;8445980763.LGN;086A
SYSTEM;8445990843.LGN;B692
SYSTEM;8446010663.LGN;C43B
SYSTEM;8446020673.LGN;A3C4
SYSTEM;8446060513.LGN;4919
SYSTEM;8446080703.LGN;AADA
SYSTEM;8446090673.LGN;51ED
SYSTEM;8446100683.LGN;9885
SYSTEM;46110310.LGN;CD16
SYSTEM;8446160673.LGN;0A97
SYSTEM;8446210803.LGN;90DC
SYSTEM;8446420293.LGN;66D2
SYSTEM;46560329.LGN;85EC
SYSTEM;8446920353.LGN;9341
SYSTEM;8440780405.LGN;1081
SYSTEM;8215110123.LGN;0000
SYSTEM;8215070125.LGN;0000
SYSTEM;36200195.LGN;F81A
SYSTEM;8445920943.AGN;D8DA
SYSTEM;8215040210.AGN;79FA
SYSTEM;36280329.AGN;AEC9
SYSTEM;30650423.AGN;DFDE
SYSTEM;34210458.AGN;5D58
SYSTEM;8201030207.DGN;71EE
SYSTEM;8203040202.DGN;EC8D
SYSTEM;36550240.LGN;D1A3
SYSTEM;8133500204.AGN;16AD
SYSTEM;8133510207.AGN;3413
SYSTEM;8133540025.AGN;70C6
SYSTEM;8440130103.AGN;9417
SYSTEM;8440500101.AGN;E8B8
SYSTEM;8200470224.DGN;C916
